26-09-2016 19:46:22, Extract Data starts
Processing:1 sites
26-09-2016 19:46:22, Start extracting from:ERRProposalToDebarPage
26-09-2016 19:47:36, End extracting from:ERRProposalToDebarPage
Data Saved
26-09-2016 19:48:50, Extract Data ends
=================================================================================
26-09-2016 20:07:50, Extract Data starts
26-09-2016 20:07:50, Extract Data ends
=================================================================================
26-09-2016 20:08:50, Extract Data starts
Processing:1 sites
26-09-2016 20:08:50, Start extracting from:ERRProposalToDebarPage
26-09-2016 20:09:22, End extracting from:ERRProposalToDebarPage
Data Saved
26-09-2016 20:09:22, Extract Data ends
=================================================================================
27-09-2016 15:28:59, Extract Data starts
Processing:1 sites
27-09-2016 15:28:59, Start extracting from:PHSAdministrativeActionListingPage
27-09-2016 15:29:31, End extracting from:PHSAdministrativeActionListingPage
Data Saved
27-09-2016 15:29:31, Extract Data ends
=================================================================================
27-09-2016 16:53:10, Extract Data starts
Processing:1 sites
27-09-2016 16:54:06, Start extracting from:PHSAdministrativeActionListingPage
27-09-2016 16:54:36, End extracting from:PHSAdministrativeActionListingPage
Data Saved
27-09-2016 16:55:09, Extract Data ends
=================================================================================
